<?xml version="1.0" encoding="utf-8" standalone="no"?>
<!--This file represents the results of running a test suite-->
<test-results name="C:\Users\Lasse Buechek\Desktop\MadspildP2\OpskriftTest\bin\Debug\OpskriftTest.dll" total="4" errors="0" failures="3" not-run="0" inconclusive="0" ignored="0" skipped="0" invalid="0" date="2015-05-14" time="14:24:17">
  <environment nunit-version="2.6.4.14350" clr-version="2.0.50727.5485" os-version="Microsoft Windows NT 6.1.7601 Service Pack 1" platform="Win32NT" cwd="C:\Program Files (x86)\NUnit 2.6.4\bin" machine-name="WIN-V935R3CF4OF" user="Lasse Buechek" user-domain="WIN-V935R3CF4OF" />
  <culture-info current-culture="da-DK" current-uiculture="en-US" />
  <test-suite type="Assembly" name="C:\Users\Lasse Buechek\Desktop\MadspildP2\OpskriftTest\bin\Debug\OpskriftTest.dll" executed="True" result="Failure" success="False" time="0.035" asserts="0">
    <results>
      <test-suite type="Namespace" name="MadspildprojektTests" executed="True" result="Failure" success="False" time="0.033" asserts="0">
        <results>
          <test-suite type="TestFixture" name="HusholdningTest" executed="True" result="Failure" success="False" time="0.031" asserts="0">
            <results>
              <test-suite type="ParameterizedTest" name="SletVareUdFraOpskriftTest" executed="True" result="Failure" success="False" time="0.030" asserts="0">
                <results>
                  <test-case name="MadspildprojektTests.HusholdningTest.SletVareUdFraOpskriftTest(3)" executed="True" result="Failure" success="False" time="0.004" asserts="1">
                    <failure>
                      <message><![CDATA[  Expected: 5
  But was:  150m
]]></message>
                      <stack-trace><![CDATA[]]></stack-trace>
                    </failure>
                  </test-case>
                  <test-case name="MadspildprojektTests.HusholdningTest.SletVareUdFraOpskriftTest(0)" executed="True" result="Success" success="True" time="0.003" asserts="1" />
                  <test-case name="MadspildprojektTests.HusholdningTest.SletVareUdFraOpskriftTest(1)" executed="True" result="Failure" success="False" time="0.004" asserts="1">
                    <failure>
                      <message><![CDATA[  Expected: 200
  But was:  1m
]]></message>
                      <stack-trace><![CDATA[]]></stack-trace>
                    </failure>
                  </test-case>
                  <test-case name="MadspildprojektTests.HusholdningTest.SletVareUdFraOpskriftTest(2)" executed="True" result="Failure" success="False" time="0.005" asserts="1">
                    <failure>
                      <message><![CDATA[  Expected: 150
  But was:  200m
]]></message>
                      <stack-trace><![CDATA[]]></stack-trace>
                    </failure>
                  </test-case>
                </results>
              </test-suite>
            </results>
          </test-suite>
        </results>
      </test-suite>
    </results>
  </test-suite>
</test-results>